{"/mnt/c/Users/ktona/Desktop/proyectos/fizzbuzz/fizzbuzz.js": {"path":"/mnt/c/Users/ktona/Desktop/proyectos/fizzbuzz/fizzbuzz.js","all":false,"statementMap":{"0":{"start":{"line":1,"column":0},"end":{"line":1,"column":24}},"1":{"start":{"line":2,"column":0},"end":{"line":2,"column":32}},"2":{"start":{"line":3,"column":0},"end":{"line":3,"column":55}},"3":{"start":{"line":4,"column":0},"end":{"line":4,"column":3}},"4":{"start":{"line":5,"column":0},"end":{"line":5,"column":82}},"5":{"start":{"line":6,"column":0},"end":{"line":6,"column":57}},"6":{"start":{"line":7,"column":0},"end":{"line":7,"column":58}},"7":{"start":{"line":8,"column":0},"end":{"line":8,"column":0}},"8":{"start":{"line":9,"column":0},"end":{"line":9,"column":18}},"9":{"start":{"line":10,"column":0},"end":{"line":10,"column":13}},"10":{"start":{"line":11,"column":0},"end":{"line":11,"column":3}},"11":{"start":{"line":12,"column":0},"end":{"line":12,"column":0}},"12":{"start":{"line":13,"column":0},"end":{"line":13,"column":47}},"13":{"start":{"line":14,"column":0},"end":{"line":14,"column":22}},"14":{"start":{"line":15,"column":0},"end":{"line":15,"column":3}},"15":{"start":{"line":16,"column":0},"end":{"line":16,"column":26}},"16":{"start":{"line":17,"column":0},"end":{"line":17,"column":18}},"17":{"start":{"line":18,"column":0},"end":{"line":18,"column":3}},"18":{"start":{"line":19,"column":0},"end":{"line":19,"column":0}},"19":{"start":{"line":20,"column":0},"end":{"line":20,"column":26}},"20":{"start":{"line":21,"column":0},"end":{"line":21,"column":18}},"21":{"start":{"line":22,"column":0},"end":{"line":22,"column":3}},"22":{"start":{"line":23,"column":0},"end":{"line":23,"column":0}},"23":{"start":{"line":24,"column":0},"end":{"line":24,"column":13}},"24":{"start":{"line":25,"column":0},"end":{"line":25,"column":1}},"25":{"start":{"line":26,"column":0},"end":{"line":26,"column":0}},"26":{"start":{"line":27,"column":0},"end":{"line":27,"column":21}},"27":{"start":{"line":28,"column":0},"end":{"line":28,"column":34}},"28":{"start":{"line":29,"column":0},"end":{"line":29,"column":40}},"29":{"start":{"line":30,"column":0},"end":{"line":30,"column":3}},"30":{"start":{"line":31,"column":0},"end":{"line":31,"column":1}},"31":{"start":{"line":32,"column":0},"end":{"line":32,"column":0}},"32":{"start":{"line":33,"column":0},"end":{"line":33,"column":10}},"33":{"start":{"line":34,"column":0},"end":{"line":34,"column":0}},"34":{"start":{"line":35,"column":0},"end":{"line":35,"column":26}}},"s":{"0":24,"1":24,"2":1,"3":1,"4":23,"5":23,"6":23,"7":23,"8":24,"9":1,"10":1,"11":22,"12":24,"13":2,"14":2,"15":24,"16":6,"17":6,"18":14,"19":24,"20":4,"21":4,"22":10,"23":10,"24":10,"25":1,"26":1,"27":1,"28":17,"29":17,"30":1,"31":1,"32":1,"33":1,"34":1},"branchMap":{"0":{"type":"branch","line":1,"loc":{"start":{"line":1,"column":0},"end":{"line":25,"column":1}},"locations":[{"start":{"line":1,"column":0},"end":{"line":25,"column":1}}]},"1":{"type":"branch","line":2,"loc":{"start":{"line":2,"column":31},"end":{"line":4,"column":3}},"locations":[{"start":{"line":2,"column":31},"end":{"line":4,"column":3}}]},"2":{"type":"branch","line":5,"loc":{"start":{"line":5,"column":-2},"end":{"line":9,"column":6}},"locations":[{"start":{"line":5,"column":-2},"end":{"line":9,"column":6}}]},"3":{"type":"branch","line":9,"loc":{"start":{"line":9,"column":17},"end":{"line":11,"column":3}},"locations":[{"start":{"line":9,"column":17},"end":{"line":11,"column":3}}]},"4":{"type":"branch","line":12,"loc":{"start":{"line":12,"column":-2},"end":{"line":13,"column":15}},"locations":[{"start":{"line":12,"column":-2},"end":{"line":13,"column":15}}]},"5":{"type":"branch","line":13,"loc":{"start":{"line":13,"column":6},"end":{"line":13,"column":37}},"locations":[{"start":{"line":13,"column":6},"end":{"line":13,"column":37}}]},"6":{"type":"branch","line":13,"loc":{"start":{"line":13,"column":46},"end":{"line":15,"column":3}},"locations":[{"start":{"line":13,"column":46},"end":{"line":15,"column":3}}]},"7":{"type":"branch","line":16,"loc":{"start":{"line":16,"column":-2},"end":{"line":16,"column":6}},"locations":[{"start":{"line":16,"column":-2},"end":{"line":16,"column":6}}]},"8":{"type":"branch","line":16,"loc":{"start":{"line":16,"column":25},"end":{"line":18,"column":3}},"locations":[{"start":{"line":16,"column":25},"end":{"line":18,"column":3}}]},"9":{"type":"branch","line":19,"loc":{"start":{"line":19,"column":-2},"end":{"line":20,"column":6}},"locations":[{"start":{"line":19,"column":-2},"end":{"line":20,"column":6}}]},"10":{"type":"branch","line":20,"loc":{"start":{"line":20,"column":25},"end":{"line":22,"column":3}},"locations":[{"start":{"line":20,"column":25},"end":{"line":22,"column":3}}]},"11":{"type":"branch","line":23,"loc":{"start":{"line":23,"column":-2},"end":{"line":25,"column":1}},"locations":[{"start":{"line":23,"column":-2},"end":{"line":25,"column":1}}]},"12":{"type":"branch","line":7,"loc":{"start":{"line":7,"column":20},"end":{"line":7,"column":58}},"locations":[{"start":{"line":7,"column":20},"end":{"line":7,"column":58}}]},"13":{"type":"branch","line":27,"loc":{"start":{"line":27,"column":0},"end":{"line":31,"column":1}},"locations":[{"start":{"line":27,"column":0},"end":{"line":31,"column":1}}]},"14":{"type":"branch","line":28,"loc":{"start":{"line":28,"column":33},"end":{"line":30,"column":3}},"locations":[{"start":{"line":28,"column":33},"end":{"line":30,"column":3}}]}},"b":{"0":[24],"1":[1],"2":[23],"3":[1],"4":[22],"5":[8],"6":[2],"7":[20],"8":[6],"9":[14],"10":[4],"11":[10],"12":[64],"13":[1],"14":[17]},"fnMap":{"0":{"name":"fizzbuzz","decl":{"start":{"line":1,"column":0},"end":{"line":25,"column":1}},"loc":{"start":{"line":1,"column":0},"end":{"line":25,"column":1}},"line":1},"1":{"name":"divisible","decl":{"start":{"line":7,"column":20},"end":{"line":7,"column":58}},"loc":{"start":{"line":7,"column":20},"end":{"line":7,"column":58}},"line":7},"2":{"name":"print","decl":{"start":{"line":27,"column":0},"end":{"line":31,"column":1}},"loc":{"start":{"line":27,"column":0},"end":{"line":31,"column":1}},"line":27}},"f":{"0":24,"1":64,"2":1}}
}
