{"/mnt/c/Users/ktona/Desktop/proyectos/fizzbuzz/fizzbuzz.js": {"path":"/mnt/c/Users/ktona/Desktop/proyectos/fizzbuzz/fizzbuzz.js","all":false,"statementMap":{"0":{"start":{"line":1,"column":0},"end":{"line":1,"column":24}},"1":{"start":{"line":2,"column":0},"end":{"line":2,"column":82}},"2":{"start":{"line":3,"column":0},"end":{"line":3,"column":57}},"3":{"start":{"line":4,"column":0},"end":{"line":4,"column":58}},"4":{"start":{"line":5,"column":0},"end":{"line":5,"column":0}},"5":{"start":{"line":6,"column":0},"end":{"line":6,"column":18}},"6":{"start":{"line":7,"column":0},"end":{"line":7,"column":13}},"7":{"start":{"line":8,"column":0},"end":{"line":8,"column":3}},"8":{"start":{"line":9,"column":0},"end":{"line":9,"column":0}},"9":{"start":{"line":10,"column":0},"end":{"line":10,"column":47}},"10":{"start":{"line":11,"column":0},"end":{"line":11,"column":22}},"11":{"start":{"line":12,"column":0},"end":{"line":12,"column":3}},"12":{"start":{"line":13,"column":0},"end":{"line":13,"column":26}},"13":{"start":{"line":14,"column":0},"end":{"line":14,"column":18}},"14":{"start":{"line":15,"column":0},"end":{"line":15,"column":3}},"15":{"start":{"line":16,"column":0},"end":{"line":16,"column":0}},"16":{"start":{"line":17,"column":0},"end":{"line":17,"column":26}},"17":{"start":{"line":18,"column":0},"end":{"line":18,"column":18}},"18":{"start":{"line":19,"column":0},"end":{"line":19,"column":3}},"19":{"start":{"line":20,"column":0},"end":{"line":20,"column":0}},"20":{"start":{"line":21,"column":0},"end":{"line":21,"column":13}},"21":{"start":{"line":22,"column":0},"end":{"line":22,"column":1}},"22":{"start":{"line":23,"column":0},"end":{"line":23,"column":0}},"23":{"start":{"line":24,"column":0},"end":{"line":24,"column":21}},"24":{"start":{"line":25,"column":0},"end":{"line":25,"column":34}},"25":{"start":{"line":26,"column":0},"end":{"line":26,"column":40}},"26":{"start":{"line":27,"column":0},"end":{"line":27,"column":3}},"27":{"start":{"line":28,"column":0},"end":{"line":28,"column":1}},"28":{"start":{"line":29,"column":0},"end":{"line":29,"column":0}},"29":{"start":{"line":30,"column":0},"end":{"line":30,"column":10}},"30":{"start":{"line":31,"column":0},"end":{"line":31,"column":0}},"31":{"start":{"line":32,"column":0},"end":{"line":32,"column":26}}},"s":{"0":23,"1":23,"2":23,"3":23,"4":23,"5":23,"6":1,"7":1,"8":22,"9":23,"10":2,"11":2,"12":23,"13":6,"14":6,"15":14,"16":23,"17":4,"18":4,"19":10,"20":10,"21":10,"22":1,"23":1,"24":1,"25":17,"26":17,"27":1,"28":1,"29":1,"30":1,"31":1},"branchMap":{"0":{"type":"branch","line":1,"loc":{"start":{"line":1,"column":0},"end":{"line":22,"column":1}},"locations":[{"start":{"line":1,"column":0},"end":{"line":22,"column":1}}]},"1":{"type":"branch","line":6,"loc":{"start":{"line":6,"column":17},"end":{"line":8,"column":3}},"locations":[{"start":{"line":6,"column":17},"end":{"line":8,"column":3}}]},"2":{"type":"branch","line":9,"loc":{"start":{"line":9,"column":-2},"end":{"line":10,"column":15}},"locations":[{"start":{"line":9,"column":-2},"end":{"line":10,"column":15}}]},"3":{"type":"branch","line":10,"loc":{"start":{"line":10,"column":6},"end":{"line":10,"column":37}},"locations":[{"start":{"line":10,"column":6},"end":{"line":10,"column":37}}]},"4":{"type":"branch","line":10,"loc":{"start":{"line":10,"column":46},"end":{"line":12,"column":3}},"locations":[{"start":{"line":10,"column":46},"end":{"line":12,"column":3}}]},"5":{"type":"branch","line":13,"loc":{"start":{"line":13,"column":-2},"end":{"line":13,"column":6}},"locations":[{"start":{"line":13,"column":-2},"end":{"line":13,"column":6}}]},"6":{"type":"branch","line":13,"loc":{"start":{"line":13,"column":25},"end":{"line":15,"column":3}},"locations":[{"start":{"line":13,"column":25},"end":{"line":15,"column":3}}]},"7":{"type":"branch","line":16,"loc":{"start":{"line":16,"column":-2},"end":{"line":17,"column":6}},"locations":[{"start":{"line":16,"column":-2},"end":{"line":17,"column":6}}]},"8":{"type":"branch","line":17,"loc":{"start":{"line":17,"column":25},"end":{"line":19,"column":3}},"locations":[{"start":{"line":17,"column":25},"end":{"line":19,"column":3}}]},"9":{"type":"branch","line":20,"loc":{"start":{"line":20,"column":-2},"end":{"line":22,"column":1}},"locations":[{"start":{"line":20,"column":-2},"end":{"line":22,"column":1}}]},"10":{"type":"branch","line":4,"loc":{"start":{"line":4,"column":20},"end":{"line":4,"column":58}},"locations":[{"start":{"line":4,"column":20},"end":{"line":4,"column":58}}]},"11":{"type":"branch","line":24,"loc":{"start":{"line":24,"column":0},"end":{"line":28,"column":1}},"locations":[{"start":{"line":24,"column":0},"end":{"line":28,"column":1}}]},"12":{"type":"branch","line":25,"loc":{"start":{"line":25,"column":33},"end":{"line":27,"column":3}},"locations":[{"start":{"line":25,"column":33},"end":{"line":27,"column":3}}]}},"b":{"0":[23],"1":[1],"2":[22],"3":[8],"4":[2],"5":[20],"6":[6],"7":[14],"8":[4],"9":[10],"10":[64],"11":[1],"12":[17]},"fnMap":{"0":{"name":"fizzbuzz","decl":{"start":{"line":1,"column":0},"end":{"line":22,"column":1}},"loc":{"start":{"line":1,"column":0},"end":{"line":22,"column":1}},"line":1},"1":{"name":"divisible","decl":{"start":{"line":4,"column":20},"end":{"line":4,"column":58}},"loc":{"start":{"line":4,"column":20},"end":{"line":4,"column":58}},"line":4},"2":{"name":"print","decl":{"start":{"line":24,"column":0},"end":{"line":28,"column":1}},"loc":{"start":{"line":24,"column":0},"end":{"line":28,"column":1}},"line":24}},"f":{"0":23,"1":64,"2":1}}
}
