TN:
SF:fizzbuzz.js
FN:1,fizzbuzz
FN:4,divisible
FN:24,print
FNF:3
FNH:3
FNDA:23,fizzbuzz
FNDA:64,divisible
FNDA:1,print
DA:1,23
DA:2,23
DA:3,23
DA:4,23
DA:5,23
DA:6,23
DA:7,1
DA:8,1
DA:9,22
DA:10,23
DA:11,2
DA:12,2
DA:13,23
DA:14,6
DA:15,6
DA:16,14
DA:17,23
DA:18,4
DA:19,4
DA:20,10
DA:21,10
DA:22,10
DA:23,1
DA:24,1
DA:25,1
DA:26,17
DA:27,17
DA:28,1
DA:29,1
DA:30,1
DA:31,1
DA:32,1
LF:32
LH:32
BRDA:1,0,0,23
BRDA:6,1,0,1
BRDA:9,2,0,22
BRDA:10,3,0,8
BRDA:10,4,0,2
BRDA:13,5,0,20
BRDA:13,6,0,6
BRDA:16,7,0,14
BRDA:17,8,0,4
BRDA:20,9,0,10
BRDA:4,10,0,64
BRDA:24,11,0,1
BRDA:25,12,0,17
BRF:13
BRH:13
end_of_record
