TN:
SF:fizzbuzz.js
FN:1,fizzbuzz
FN:3,divisible
FN:23,print
FNF:3
FNH:2
FNDA:23,fizzbuzz
FNDA:0,divisible
FNDA:1,print
DA:1,23
DA:2,23
DA:3,23
DA:4,23
DA:5,23
DA:6,1
DA:7,1
DA:8,22
DA:9,23
DA:10,2
DA:11,2
DA:12,23
DA:13,6
DA:14,6
DA:15,14
DA:16,23
DA:17,4
DA:18,4
DA:19,10
DA:20,10
DA:21,10
DA:22,1
DA:23,1
DA:24,1
DA:25,17
DA:26,17
DA:27,1
DA:28,1
DA:29,1
DA:30,1
DA:31,1
LF:31
LH:31
BRDA:1,0,0,23
BRDA:5,1,0,1
BRDA:8,2,0,22
BRDA:9,3,0,8
BRDA:9,4,0,2
BRDA:12,5,0,20
BRDA:12,6,0,6
BRDA:15,7,0,14
BRDA:16,8,0,4
BRDA:19,9,0,10
BRDA:23,10,0,1
BRDA:24,11,0,17
BRF:12
BRH:12
end_of_record
